-------------------------------------------------------------------------------
Test set: TestSuite
-------------------------------------------------------------------------------
Tests run: 1, Failures: 1, Errors: 0, Skipped: 0, Time elapsed: 81.883 sec <<< FAILURE! - in TestSuite
a_test(hcm.tests.ManageDepartmentsTest)  Time elapsed: 59.272 sec  <<< FAILURE!
java.util.regex.PatternSyntaxException: Dangling meta character '*' near index 0
*
^
	at java.util.regex.Pattern.error(Pattern.java:1924)
	at java.util.regex.Pattern.sequence(Pattern.java:2090)
	at java.util.regex.Pattern.expr(Pattern.java:1964)
	at java.util.regex.Pattern.compile(Pattern.java:1665)
	at java.util.regex.Pattern.<init>(Pattern.java:1337)
	at java.util.regex.Pattern.compile(Pattern.java:1022)
	at java.lang.String.replaceAll(String.java:2162)
	at hcm.tests.ManageDepartmentsTest.createDepartment(ManageDepartmentsTest.java:97)
	at hcm.tests.ManageDepartmentsTest.a_test(ManageDepartmentsTest.java:29)

