<?xml version="1.0" encoding="UTF-8"?>
<testsuite name="TestSuite" time="127.067" tests="1" errors="0" skipped="0" failures="1">
  <properties>
[...]
</properties>
  <testcase name="a_test" classname="hcm.tests.ManageDepartmentsTest" time="127.067">
    <failure message="Timed out after 15 seconds waiting for visibility of element located by By.xpath: //td/label[text()=&apos;Effective Start Date&apos;]/../../td/input&#10;Build info: version: &apos;2.52.0&apos;, revision: &apos;4c2593cfc3689a7fcd7be52549167e5ccc93ad28&apos;, time: &apos;2016-02-11 11:22:43&apos;&#10;System info: host: &apos;ETDB-510P680-D&apos;, ip: &apos;169.254.231.255&apos;, os.name: &apos;Windows 7&apos;, os.arch: &apos;amd64&apos;, os.version: &apos;6.1&apos;, java.version: &apos;1.7.0_79&apos;&#10;Session ID: 4116715a-47a4-4b8d-af51-6d40d1e9e06f&#10;Driver info: common.ExtendedFirefoxDriver&#10;Capabilities [{platform=WINDOWS, acceptSslCerts=true, javascriptEnabled=true, cssSelectorsEnabled=true, databaseEnabled=true, browserName=firefox, handlesAlerts=true, nativeEvents=false, webStorageEnabled=true, rotatable=false, locationContextEnabled=true, applicationCacheEnabled=true, takesScreenshot=true, version=44.0.2}]" type="org.openqa.selenium.TimeoutException"><![CDATA[org.openqa.selenium.TimeoutException: Timed out after 15 seconds waiting for visibility of element located by By.xpath: //td/label[text()='Effective Start Date']/../../td/input
Build info: version: '2.52.0', revision: '4c2593cfc3689a7fcd7be52549167e5ccc93ad28', time: '2016-02-11 11:22:43'
System info: host: 'ETDB-510P680-D', ip: '169.254.231.255', os.name: 'Windows 7', os.arch: 'amd64', os.version: '6.1', java.version: '1.7.0_79'
Session ID: 4116715a-47a4-4b8d-af51-6d40d1e9e06f
Driver info: common.ExtendedFirefoxDriver
Capabilities [{platform=WINDOWS, acceptSslCerts=true, javascriptEnabled=true, cssSelectorsEnabled=true, databaseEnabled=true, browserName=firefox, handlesAlerts=true, nativeEvents=false, webStorageEnabled=true, rotatable=false, locationContextEnabled=true, applicationCacheEnabled=true, takesScreenshot=true, version=44.0.2}]
	at sun.reflect.GeneratedConstructorAccessor22.newInstance(Unknown Source)
	at sun.reflect.DelegatingConstructorAccessorImpl.newInstance(DelegatingConstructorAccessorImpl.java:45)
	at java.lang.reflect.Constructor.newInstance(Constructor.java:526)
	at org.openqa.selenium.remote.ErrorHandler.createThrowable(ErrorHandler.java:206)
	at org.openqa.selenium.remote.ErrorHandler.throwIfResponseFailed(ErrorHandler.java:158)
	at org.openqa.selenium.remote.RemoteWebDriver.execute(RemoteWebDriver.java:678)
	at org.openqa.selenium.remote.RemoteWebDriver.findElement(RemoteWebDriver.java:363)
	at org.openqa.selenium.remote.RemoteWebDriver.findElementByXPath(RemoteWebDriver.java:500)
	at org.openqa.selenium.By$ByXPath.findElement(By.java:361)
	at org.openqa.selenium.remote.RemoteWebDriver.findElement(RemoteWebDriver.java:355)
	at org.openqa.selenium.support.ui.ExpectedConditions.findElement(ExpectedConditions.java:911)
	at org.openqa.selenium.support.ui.ExpectedConditions.access$000(ExpectedConditions.java:41)
	at org.openqa.selenium.support.ui.ExpectedConditions$7.apply(ExpectedConditions.java:205)
	at org.openqa.selenium.support.ui.ExpectedConditions$7.apply(ExpectedConditions.java:201)
	at org.openqa.selenium.support.ui.FluentWait.until(FluentWait.java:238)
	at common.BasePage.findByXpath(BasePage.java:197)
	at common.BasePage.clickByXpath(BasePage.java:374)
	at hcm.pageobjects.WorkforceStructureTasksPage.enterData(WorkforceStructureTasksPage.java:100)
	at hcm.tests.ManageDepartmentsTest.createDepartment(ManageDepartmentsTest.java:110)
	at hcm.tests.ManageDepartmentsTest.a_test(ManageDepartmentsTest.java:28)
Caused by: org.openqa.selenium.NoSuchElementException: Unable to locate element: {"method":"xpath","selector":"//td/label[text()='Effective Start Date']/../../td/input"}
For documentation on this error, please visit: http://seleniumhq.org/exceptions/no_such_element.html
Build info: version: '2.52.0', revision: '4c2593cfc3689a7fcd7be52549167e5ccc93ad28', time: '2016-02-11 11:22:43'
System info: host: 'ETDB-510P680-D', ip: '169.254.231.255', os.name: 'Windows 7', os.arch: 'amd64', os.version: '6.1', java.version: '1.7.0_79'
Driver info: driver.version: unknown
	at <anonymous class>.FirefoxDriver.prototype.findElementInternal_(file:///C:/Users/JERRIC~1.FAL/AppData/Local/Temp/anonymous7058375997569578698webdriver-profile/extensions/fxdriver@googlecode.com/components/driver-component.js:10723)
	at <anonymous class>.FirefoxDriver.prototype.findElement(file:///C:/Users/JERRIC~1.FAL/AppData/Local/Temp/anonymous7058375997569578698webdriver-profile/extensions/fxdriver@googlecode.com/components/driver-component.js:10732)
	at <anonymous class>.DelayedCommand.prototype.executeInternal_/h(file:///C:/Users/JERRIC~1.FAL/AppData/Local/Temp/anonymous7058375997569578698webdriver-profile/extensions/fxdriver@googlecode.com/components/command-processor.js:12614)
	at <anonymous class>.DelayedCommand.prototype.executeInternal_(file:///C:/Users/JERRIC~1.FAL/AppData/Local/Temp/anonymous7058375997569578698webdriver-profile/extensions/fxdriver@googlecode.com/components/command-processor.js:12619)
	at <anonymous class>.DelayedCommand.prototype.execute/<(file:///C:/Users/JERRIC~1.FAL/AppData/Local/Temp/anonymous7058375997569578698webdriver-profile/extensions/fxdriver@googlecode.com/components/command-processor.js:12561)
]]></failure>
    <system-out><![CDATA[...
... TestNG 6.9.6 by CÃ©dric Beust (cedric@beust.com)
...


===== Executing ManageDepartmentsTest :Test Case 1 =====

Running Test in FireFox
Checking landed page...  We landed on the correct page: login-aufsn4x0cba.oracleoutsourcing.com/oam/server/obrareq.cgi
Entered User ID...
Entered Password...
Clicked Sign In Button...
Checking landed page...  We landed on the correct page: /hcmCore/faces/FuseWelcome
Clicked the Navigator...
Workforce Structures link has been clicked...
Checking landed page...  We landed on the correct page: /hcmCoreSetup/faces/HcmWSIntWA
Check element presence is now finised...
Clicking Manage Departments...
Clicking Create...
Clicking Create...
Waiting for element has timed out... No alternative method available.
Check element presence is now finised...
New value: 42437
the value is a Date
the value is now: 03/08/2016
Input type: 03/08/2016
New value: 1/1/2000
New value: 0.375
the value is a time
Input type: 09:00
New value: 09:00
From findByXpath(AssertionError): recovering from staleelement issue...
]]></system-out>
  </testcase>
</testsuite>